<?xml version="1.0" encoding="UTF-8"?>
<!-- Generated by org.testng.reporters.JUnitReportReporter -->
<testsuite name="com.todo.list.dima.todo_list_testNG.AppTest" tests="1" time="0.008" ignored="0" failures="0" timestamp="31 אוק 2018 08:27:34 GMT" skipped="0" hostname="TOPQD1-HZ" errors="0">
  <testcase name="test" time="0.008" classname="com.todo.list.dima.todo_list_testNG.AppTest"/>
</testsuite> <!-- com.todo.list.dima.todo_list_testNG.AppTest -->
