<?xml version="1.0" encoding="UTF-8"?>
<!-- Generated by org.testng.reporters.JUnitReportReporter -->
<testsuite name="com.todo.list.dima.todo_list_testNG.AppTest" tests="1" time="0.619" ignored="0" failures="0" timestamp="01 נוב 2018 07:42:35 GMT" skipped="0" hostname="TOPQD1-HZ" errors="0">
  <testcase name="createTaskAndGetListE2E" time="0.619" classname="com.todo.list.dima.todo_list_testNG.AppTest"/>
</testsuite> <!-- com.todo.list.dima.todo_list_testNG.AppTest -->
